{"/Users/berry/antd-demo/client/src/App.js": {"path":"/Users/berry/antd-demo/client/src/App.js","statementMap":{"0":{"start":{"line":1,"column":0},"end":{"line":null,"column":-1}},"1":{"start":{"line":2,"column":0},"end":{"line":null,"column":-1}},"2":{"start":{"line":3,"column":0},"end":{"line":null,"column":-1}},"3":{"start":{"line":4,"column":0},"end":{"line":null,"column":-1}},"4":{"start":{"line":6,"column":0},"end":{"line":null,"column":-1}},"5":{"start":{"line":7,"column":0},"end":{"line":null,"column":-1}},"6":{"start":{"line":8,"column":0},"end":{"line":null,"column":-1}},"7":{"start":{"line":9,"column":0},"end":{"line":null,"column":-1}},"8":{"start":{"line":10,"column":0},"end":{"line":null,"column":-1}},"9":{"start":{"line":11,"column":0},"end":{"line":null,"column":-1}},"10":{"start":{"line":12,"column":0},"end":{"line":null,"column":-1}},"11":{"start":{"line":13,"column":0},"end":{"line":null,"column":-1}},"12":{"start":{"line":16,"column":2},"end":{"line":15,"column":0}},"13":{"start":{"line":27,"column":13},"end":{"line":27,"column":0}},"14":{"start":{"line":29,"column":17},"end":{"line":29,"column":0}},"15":{"start":{"line":30,"column":2},"end":{"line":null,"column":-1}},"16":{"start":{"line":46,"column":28},"end":{"line":null,"column":-1}},"17":{"start":{"line":52,"column":4},"end":{"line":null,"column":-1}},"18":{"start":{"line":53,"column":4},"end":{"line":null,"column":-1}},"19":{"start":{"line":57,"column":4},"end":{"line":59,"column":5}},"20":{"start":{"line":58,"column":6},"end":{"line":null,"column":-1}},"21":{"start":{"line":63,"column":4},"end":{"line":null,"column":-1}},"22":{"start":{"line":64,"column":20},"end":{"line":64,"column":4}},"23":{"start":{"line":65,"column":4},"end":{"line":null,"column":-1}}},"fnMap":{"0":{"name":"(anonymous_0)","decl":{"start":{"line":29,"column":28},"end":{"line":29,"column":29}},"loc":{"start":{"line":29,"column":45},"end":{"line":29,"column":17}}},"1":{"name":"(anonymous_1)","decl":{"start":{"line":46,"column":28},"end":{"line":null,"column":-1}},"loc":{"start":{"line":46,"column":28},"end":{"line":null,"column":-1}}},"2":{"name":"(anonymous_2)","decl":{"start":{"line":51,"column":18},"end":{"line":51,"column":23}},"loc":{"start":{"line":51,"column":24},"end":{"line":46,"column":28}}},"3":{"name":"(anonymous_3)","decl":{"start":{"line":56,"column":2},"end":{"line":56,"column":19}},"loc":{"start":{"line":56,"column":23},"end":{"line":60,"column":3}}},"4":{"name":"(anonymous_4)","decl":{"start":{"line":62,"column":2},"end":{"line":62,"column":7}},"loc":{"start":{"line":62,"column":11},"end":{"line":121,"column":3}}}},"branchMap":{"0":{"loc":{"start":{"line":48,"column":14},"end":{"line":48,"column":52}},"type":"binary-expr","locations":[{"start":{"line":48,"column":14},"end":{"line":48,"column":52}},{"start":{"line":48,"column":53},"end":{"line":48,"column":13}}]},"1":{"loc":{"start":{"line":57,"column":4},"end":{"line":59,"column":5}},"type":"if","locations":[{"start":{"line":57,"column":4},"end":{"line":59,"column":5}},{"start":{"line":57,"column":4},"end":{"line":59,"column":5}}]},"2":{"loc":{"start":{"line":64,"column":21},"end":{"line":64,"column":59}},"type":"binary-expr","locations":[{"start":{"line":64,"column":21},"end":{"line":64,"column":59}},{"start":{"line":64,"column":60},"end":{"line":64,"column":20}}]},"3":{"loc":{"start":{"line":68,"column":11},"end":{"line":68,"column":10}},"type":"binary-expr","locations":[{"start":{"line":68,"column":11},"end":{"line":68,"column":10}},{"start":{"line":69,"column":12},"end":{"line":67,"column":8}}]},"4":{"loc":{"start":{"line":84,"column":22},"end":{"line":83,"column":28}},"type":"cond-expr","locations":[{"start":{"line":84,"column":22},"end":{"line":83,"column":28}},{"start":{"line":91,"column":22},"end":{"line":81,"column":18}}]}},"s":{"0":0,"1":0,"2":0,"3":0,"4":0,"5":0,"6":0,"7":0,"8":0,"9":0,"10":0,"11":0,"12":0,"13":0,"14":0,"15":0,"16":0,"17":0,"18":0,"19":0,"20":0,"21":0,"22":0,"23":0},"f":{"0":0,"1":0,"2":0,"3":0,"4":0},"b":{"0":[0,0],"1":[0,0],"2":[0,0],"3":[0,0],"4":[0,0]}}
,"/Users/berry/antd-demo/client/src/index.js": {"path":"/Users/berry/antd-demo/client/src/index.js","statementMap":{"0":{"start":{"line":1,"column":0},"end":{"line":null,"column":-1}},"1":{"start":{"line":2,"column":0},"end":{"line":null,"column":-1}},"2":{"start":{"line":3,"column":0},"end":{"line":null,"column":-1}},"3":{"start":{"line":4,"column":0},"end":{"line":null,"column":-1}},"4":{"start":{"line":5,"column":0},"end":{"line":null,"column":-1}},"5":{"start":{"line":6,"column":0},"end":{"line":null,"column":-1}},"6":{"start":{"line":20,"column":0},"end":{"line":null,"column":-1}}},"fnMap":{},"branchMap":{},"s":{"0":0,"1":0,"2":0,"3":0,"4":0,"5":0,"6":0},"f":{},"b":{}}
,"/Users/berry/antd-demo/client/src/jest.config.js": {"path":"/Users/berry/antd-demo/client/src/jest.config.js","statementMap":{"0":{"start":{"line":1,"column":0},"end":{"line":null,"column":-1}}},"fnMap":{},"branchMap":{},"s":{"0":0},"f":{},"b":{}}
,"/Users/berry/antd-demo/client/src/serviceWorker.js": {"path":"/Users/berry/antd-demo/client/src/serviceWorker.js","statementMap":{"0":{"start":{"line":13,"column":20},"end":{"line":13,"column":0}},"1":{"start":{"line":24,"column":2},"end":{"line":54,"column":3}},"2":{"start":{"line":26,"column":22},"end":{"line":26,"column":4}},"3":{"start":{"line":27,"column":4},"end":{"line":32,"column":5}},"4":{"start":{"line":31,"column":6},"end":{"line":null,"column":-1}},"5":{"start":{"line":34,"column":4},"end":{"line":null,"column":-1}},"6":{"start":{"line":35,"column":21},"end":{"line":35,"column":6}},"7":{"start":{"line":37,"column":6},"end":{"line":52,"column":7}},"8":{"start":{"line":39,"column":8},"end":{"line":37,"column":23}},"9":{"start":{"line":43,"column":8},"end":{"line":null,"column":-1}},"10":{"start":{"line":44,"column":10},"end":{"line":null,"column":-1}},"11":{"start":{"line":51,"column":8},"end":{"line":null,"column":-1}},"12":{"start":{"line":58,"column":2},"end":{"line":null,"column":-1}},"13":{"start":{"line":61,"column":6},"end":{"line":null,"column":-1}},"14":{"start":{"line":62,"column":33},"end":{"line":62,"column":8}},"15":{"start":{"line":63,"column":8},"end":{"line":65,"column":9}},"16":{"start":{"line":64,"column":10},"end":{"line":null,"column":-1}},"17":{"start":{"line":66,"column":8},"end":{"line":null,"column":-1}},"18":{"start":{"line":67,"column":10},"end":{"line":92,"column":11}},"19":{"start":{"line":68,"column":12},"end":{"line":91,"column":13}},"20":{"start":{"line":72,"column":14},"end":{"line":68,"column":52}},"21":{"start":{"line":78,"column":14},"end":{"line":80,"column":15}},"22":{"start":{"line":79,"column":16},"end":{"line":null,"column":-1}},"23":{"start":{"line":85,"column":14},"end":{"line":81,"column":19}},"24":{"start":{"line":88,"column":14},"end":{"line":90,"column":15}},"25":{"start":{"line":89,"column":16},"end":{"line":null,"column":-1}},"26":{"start":{"line":97,"column":6},"end":{"line":null,"column":-1}},"27":{"start":{"line":103,"column":2},"end":{"line":null,"column":-1}},"28":{"start":{"line":106,"column":26},"end":{"line":106,"column":6}},"29":{"start":{"line":107,"column":6},"end":{"line":120,"column":7}},"30":{"start":{"line":112,"column":8},"end":{"line":null,"column":-1}},"31":{"start":{"line":113,"column":10},"end":{"line":null,"column":-1}},"32":{"start":{"line":114,"column":12},"end":{"line":null,"column":-1}},"33":{"start":{"line":119,"column":8},"end":{"line":null,"column":-1}},"34":{"start":{"line":123,"column":6},"end":{"line":null,"column":-1}},"35":{"start":{"line":130,"column":2},"end":{"line":134,"column":3}},"36":{"start":{"line":131,"column":4},"end":{"line":null,"column":-1}},"37":{"start":{"line":132,"column":6},"end":{"line":null,"column":-1}}},"fnMap":{"0":{"name":"register","decl":{"start":{"line":23,"column":16},"end":{"line":23,"column":7}},"loc":{"start":{"line":23,"column":33},"end":{"line":55,"column":1}}},"1":{"name":"(anonymous_1)","decl":{"start":{"line":34,"column":36},"end":{"line":34,"column":41}},"loc":{"start":{"line":34,"column":42},"end":{"line":34,"column":4}}},"2":{"name":"(anonymous_2)","decl":{"start":{"line":43,"column":43},"end":{"line":43,"column":48}},"loc":{"start":{"line":43,"column":49},"end":{"line":43,"column":8}}},"3":{"name":"registerValidSW","decl":{"start":{"line":57,"column":9},"end":{"line":57,"column":0}},"loc":{"start":{"line":57,"column":40},"end":{"line":99,"column":1}}},"4":{"name":"(anonymous_4)","decl":{"start":{"line":60,"column":10},"end":{"line":60,"column":21}},"loc":{"start":{"line":60,"column":26},"end":{"line":58,"column":2}}},"5":{"name":"(anonymous_5)","decl":{"start":{"line":61,"column":35},"end":{"line":61,"column":40}},"loc":{"start":{"line":61,"column":41},"end":{"line":61,"column":6}}},"6":{"name":"(anonymous_6)","decl":{"start":{"line":66,"column":41},"end":{"line":66,"column":46}},"loc":{"start":{"line":66,"column":47},"end":{"line":66,"column":8}}},"7":{"name":"(anonymous_7)","decl":{"start":{"line":96,"column":11},"end":{"line":96,"column":15}},"loc":{"start":{"line":96,"column":20},"end":{"line":58,"column":2}}},"8":{"name":"checkValidServiceWorker","decl":{"start":{"line":101,"column":9},"end":{"line":101,"column":0}},"loc":{"start":{"line":101,"column":48},"end":{"line":127,"column":1}}},"9":{"name":"(anonymous_9)","decl":{"start":{"line":104,"column":10},"end":{"line":104,"column":17}},"loc":{"start":{"line":104,"column":22},"end":{"line":103,"column":2}}},"10":{"name":"(anonymous_10)","decl":{"start":{"line":112,"column":43},"end":{"line":112,"column":54}},"loc":{"start":{"line":112,"column":59},"end":{"line":112,"column":8}}},"11":{"name":"(anonymous_11)","decl":{"start":{"line":113,"column":41},"end":{"line":113,"column":46}},"loc":{"start":{"line":113,"column":47},"end":{"line":113,"column":10}}},"12":{"name":"(anonymous_12)","decl":{"start":{"line":122,"column":11},"end":{"line":122,"column":16}},"loc":{"start":{"line":122,"column":17},"end":{"line":103,"column":2}}},"13":{"name":"unregister","decl":{"start":{"line":129,"column":16},"end":{"line":129,"column":7}},"loc":{"start":{"line":129,"column":29},"end":{"line":135,"column":1}}},"14":{"name":"(anonymous_14)","decl":{"start":{"line":131,"column":39},"end":{"line":131,"column":50}},"loc":{"start":{"line":131,"column":55},"end":{"line":131,"column":4}}}},"branchMap":{"0":{"loc":{"start":{"line":14,"column":2},"end":{"line":14,"column":1}},"type":"binary-expr","locations":[{"start":{"line":14,"column":2},"end":{"line":14,"column":1}},{"start":{"line":16,"column":4},"end":{"line":14,"column":2}},{"start":{"line":18,"column":4},"end":{"line":13,"column":27}}]},"1":{"loc":{"start":{"line":24,"column":2},"end":{"line":54,"column":3}},"type":"if","locations":[{"start":{"line":24,"column":2},"end":{"line":54,"column":3}},{"start":{"line":24,"column":2},"end":{"line":54,"column":3}}]},"2":{"loc":{"start":{"line":24,"column":6},"end":{"line":24,"column":5}},"type":"binary-expr","locations":[{"start":{"line":24,"column":6},"end":{"line":24,"column":5}},{"start":{"line":24,"column":47},"end":{"line":24,"column":2}}]},"3":{"loc":{"start":{"line":27,"column":4},"end":{"line":32,"column":5}},"type":"if","locations":[{"start":{"line":27,"column":4},"end":{"line":32,"column":5}},{"start":{"line":27,"column":4},"end":{"line":32,"column":5}}]},"4":{"loc":{"start":{"line":37,"column":6},"end":{"line":52,"column":7}},"type":"if","locations":[{"start":{"line":37,"column":6},"end":{"line":52,"column":7}},{"start":{"line":37,"column":6},"end":{"line":52,"column":7}}]},"5":{"loc":{"start":{"line":63,"column":8},"end":{"line":65,"column":9}},"type":"if","locations":[{"start":{"line":63,"column":8},"end":{"line":65,"column":9}},{"start":{"line":63,"column":8},"end":{"line":65,"column":9}}]},"6":{"loc":{"start":{"line":67,"column":10},"end":{"line":92,"column":11}},"type":"if","locations":[{"start":{"line":67,"column":10},"end":{"line":92,"column":11}},{"start":{"line":67,"column":10},"end":{"line":92,"column":11}}]},"7":{"loc":{"start":{"line":68,"column":12},"end":{"line":91,"column":13}},"type":"if","locations":[{"start":{"line":68,"column":12},"end":{"line":91,"column":13}},{"start":{"line":68,"column":12},"end":{"line":91,"column":13}}]},"8":{"loc":{"start":{"line":78,"column":14},"end":{"line":80,"column":15}},"type":"if","locations":[{"start":{"line":78,"column":14},"end":{"line":80,"column":15}},{"start":{"line":78,"column":14},"end":{"line":80,"column":15}}]},"9":{"loc":{"start":{"line":78,"column":18},"end":{"line":78,"column":24}},"type":"binary-expr","locations":[{"start":{"line":78,"column":18},"end":{"line":78,"column":24}},{"start":{"line":78,"column":28},"end":{"line":78,"column":14}}]},"10":{"loc":{"start":{"line":88,"column":14},"end":{"line":90,"column":15}},"type":"if","locations":[{"start":{"line":88,"column":14},"end":{"line":90,"column":15}},{"start":{"line":88,"column":14},"end":{"line":90,"column":15}}]},"11":{"loc":{"start":{"line":88,"column":18},"end":{"line":88,"column":24}},"type":"binary-expr","locations":[{"start":{"line":88,"column":18},"end":{"line":88,"column":24}},{"start":{"line":88,"column":28},"end":{"line":88,"column":14}}]},"12":{"loc":{"start":{"line":107,"column":6},"end":{"line":120,"column":7}},"type":"if","locations":[{"start":{"line":107,"column":6},"end":{"line":120,"column":7}},{"start":{"line":107,"column":6},"end":{"line":120,"column":7}}]},"13":{"loc":{"start":{"line":108,"column":8},"end":{"line":108,"column":7}},"type":"binary-expr","locations":[{"start":{"line":108,"column":8},"end":{"line":108,"column":7}},{"start":{"line":109,"column":9},"end":{"line":109,"column":8}},{"start":{"line":109,"column":32},"end":{"line":107,"column":6}}]},"14":{"loc":{"start":{"line":130,"column":2},"end":{"line":134,"column":3}},"type":"if","locations":[{"start":{"line":130,"column":2},"end":{"line":134,"column":3}},{"start":{"line":130,"column":2},"end":{"line":134,"column":3}}]}},"s":{"0":0,"1":0,"2":0,"3":0,"4":0,"5":0,"6":0,"7":0,"8":0,"9":0,"10":0,"11":0,"12":0,"13":0,"14":0,"15":0,"16":0,"17":0,"18":0,"19":0,"20":0,"21":0,"22":0,"23":0,"24":0,"25":0,"26":0,"27":0,"28":0,"29":0,"30":0,"31":0,"32":0,"33":0,"34":0,"35":0,"36":0,"37":0},"f":{"0":0,"1":0,"2":0,"3":0,"4":0,"5":0,"6":0,"7":0,"8":0,"9":0,"10":0,"11":0,"12":0,"13":0,"14":0},"b":{"0":[0,0,0],"1":[0,0],"2":[0,0],"3":[0,0],"4":[0,0],"5":[0,0],"6":[0,0],"7":[0,0],"8":[0,0],"9":[0,0],"10":[0,0],"11":[0,0],"12":[0,0],"13":[0,0,0],"14":[0,0]}}
,"/Users/berry/antd-demo/client/src/setupTests.js": {"path":"/Users/berry/antd-demo/client/src/setupTests.js","statementMap":{"0":{"start":{"line":4,"column":0},"end":{"line":4,"column":38}}},"fnMap":{},"branchMap":{},"s":{"0":8},"f":{},"b":{},"_coverageSchema":"332fd63041d2c1bcb487cc26dd0d5f7d97098a6c","hash":"486af7381bae7eefeebe4eda9b640fa043485c38"}
,"/Users/berry/antd-demo/client/src/pages/Register.js": {"path":"/Users/berry/antd-demo/client/src/pages/Register.js","statementMap":{"0":{"start":{"line":1,"column":0},"end":{"line":null,"column":-1}},"1":{"start":{"line":2,"column":0},"end":{"line":null,"column":-1}},"2":{"start":{"line":3,"column":0},"end":{"line":null,"column":-1}},"3":{"start":{"line":4,"column":0},"end":{"line":null,"column":-1}},"4":{"start":{"line":5,"column":0},"end":{"line":null,"column":-1}},"5":{"start":{"line":6,"column":0},"end":{"line":null,"column":-1}},"6":{"start":{"line":11,"column":37},"end":{"line":null,"column":-1}},"7":{"start":{"line":18,"column":8},"end":{"line":null,"column":-1}},"8":{"start":{"line":19,"column":8},"end":{"line":null,"column":-1}},"9":{"start":{"line":25,"column":10},"end":{"line":null,"column":-1}},"10":{"start":{"line":26,"column":10},"end":{"line":null,"column":-1}},"11":{"start":{"line":28,"column":10},"end":{"line":null,"column":-1}},"12":{"start":{"line":29,"column":10},"end":{"line":null,"column":-1}},"13":{"start":{"line":31,"column":8},"end":{"line":null,"column":-1}},"14":{"start":{"line":32,"column":10},"end":{"line":34,"column":11}},"15":{"start":{"line":33,"column":12},"end":{"line":null,"column":-1}},"16":{"start":{"line":50,"column":6},"end":{"line":null,"column":-1}},"17":{"start":{"line":40,"column":8},"end":{"line":null,"column":-1}},"18":{"start":{"line":41,"column":8},"end":{"line":null,"column":-1}},"19":{"start":{"line":42,"column":8},"end":{"line":45,"column":9}},"20":{"start":{"line":43,"column":12},"end":{"line":null,"column":-1}},"21":{"start":{"line":58,"column":25},"end":{"line":58,"column":8}},"22":{"start":{"line":59,"column":38},"end":{"line":57,"column":15}},"23":{"start":{"line":61,"column":31},"end":{"line":61,"column":8}},"24":{"start":{"line":72,"column":35},"end":{"line":72,"column":8}},"25":{"start":{"line":85,"column":8},"end":{"line":null,"column":-1}},"26":{"start":{"line":111,"column":36},"end":{"line":111,"column":4}}},"fnMap":{"0":{"name":"(anonymous_0)","decl":{"start":{"line":11,"column":37},"end":{"line":null,"column":-1}},"loc":{"start":{"line":11,"column":37},"end":{"line":null,"column":-1}}},"1":{"name":"(anonymous_1)","decl":{"start":{"line":17,"column":22},"end":{"line":17,"column":21}},"loc":{"start":{"line":17,"column":28},"end":{"line":11,"column":37}}},"2":{"name":"(anonymous_2)","decl":{"start":{"line":24,"column":17},"end":{"line":24,"column":15}},"loc":{"start":{"line":24,"column":26},"end":{"line":19,"column":8}}},"3":{"name":"(anonymous_3)","decl":{"start":{"line":27,"column":18},"end":{"line":27,"column":16}},"loc":{"start":{"line":27,"column":28},"end":{"line":19,"column":8}}},"4":{"name":"(anonymous_4)","decl":{"start":{"line":31,"column":48},"end":{"line":31,"column":49}},"loc":{"start":{"line":31,"column":65},"end":{"line":31,"column":8}}},"5":{"name":"(anonymous_5)","decl":{"start":{"line":49,"column":24},"end":{"line":49,"column":23}},"loc":{"start":{"line":49,"column":30},"end":{"line":11,"column":37}}},"6":{"name":"(anonymous_6)","decl":{"start":{"line":39,"column":6},"end":{"line":39,"column":22}},"loc":{"start":{"line":39,"column":26},"end":{"line":46,"column":5}}},"7":{"name":"(anonymous_7)","decl":{"start":{"line":57,"column":6},"end":{"line":57,"column":11}},"loc":{"start":{"line":57,"column":15},"end":{"line":109,"column":7}}}},"branchMap":{"0":{"loc":{"start":{"line":32,"column":10},"end":{"line":34,"column":11}},"type":"if","locations":[{"start":{"line":32,"column":10},"end":{"line":34,"column":11}},{"start":{"line":32,"column":10},"end":{"line":34,"column":11}}]},"1":{"loc":{"start":{"line":42,"column":8},"end":{"line":45,"column":9}},"type":"if","locations":[{"start":{"line":42,"column":8},"end":{"line":45,"column":9}},{"start":{"line":42,"column":8},"end":{"line":45,"column":9}}]},"2":{"loc":{"start":{"line":88,"column":27},"end":{"line":88,"column":24}},"type":"cond-expr","locations":[{"start":{"line":88,"column":27},"end":{"line":88,"column":24}},{"start":{"line":88,"column":38},"end":{"line":88,"column":12}}]},"3":{"loc":{"start":{"line":101,"column":62},"end":{"line":101,"column":59}},"type":"cond-expr","locations":[{"start":{"line":101,"column":62},"end":{"line":101,"column":59}},{"start":{"line":101,"column":73},"end":{"line":101,"column":10}}]}},"s":{"0":0,"1":0,"2":0,"3":0,"4":0,"5":0,"6":0,"7":0,"8":0,"9":0,"10":0,"11":0,"12":0,"13":0,"14":0,"15":0,"16":0,"17":0,"18":0,"19":0,"20":0,"21":0,"22":0,"23":0,"24":0,"25":0,"26":0},"f":{"0":0,"1":0,"2":0,"3":0,"4":0,"5":0,"6":0,"7":0},"b":{"0":[0,0],"1":[0,0],"2":[0,0],"3":[0,0]}}
,"/Users/berry/antd-demo/client/src/pages/adminpage/ChangePW.js": {"path":"/Users/berry/antd-demo/client/src/pages/adminpage/ChangePW.js","statementMap":{"0":{"start":{"line":8,"column":14},"end":{"line":8,"column":46}},"1":{"start":{"line":9,"column":16},"end":{"line":12,"column":1}},"2":{"start":{"line":14,"column":15},"end":{"line":14,"column":28}},"3":{"start":{"line":24,"column":4},"end":{"line":24,"column":34}},"4":{"start":{"line":28,"column":4},"end":{"line":28,"column":39}},"5":{"start":{"line":32,"column":4},"end":{"line":32,"column":37}},"6":{"start":{"line":33,"column":4},"end":{"line":35,"column":7}},"7":{"start":{"line":39,"column":4},"end":{"line":41,"column":7}},"8":{"start":{"line":45,"column":4},"end":{"line":47,"column":7}},"9":{"start":{"line":51,"column":4},"end":{"line":51,"column":23}},"10":{"start":{"line":52,"column":17},"end":{"line":56,"column":6}},"11":{"start":{"line":57,"column":4},"end":{"line":57,"column":22}},"12":{"start":{"line":58,"column":4},"end":{"line":73,"column":9}},"13":{"start":{"line":63,"column":8},"end":{"line":65,"column":9}},"14":{"start":{"line":64,"column":10},"end":{"line":64,"column":30}},"15":{"start":{"line":66,"column":8},"end":{"line":66,"column":35}},"16":{"start":{"line":67,"column":8},"end":{"line":67,"column":59}},"17":{"start":{"line":68,"column":8},"end":{"line":68,"column":23}},"18":{"start":{"line":71,"column":8},"end":{"line":71,"column":27}},"19":{"start":{"line":72,"column":8},"end":{"line":72,"column":41}},"20":{"start":{"line":74,"column":4},"end":{"line":78,"column":7}},"21":{"start":{"line":75,"column":6},"end":{"line":77,"column":7}},"22":{"start":{"line":76,"column":8},"end":{"line":76,"column":57}},"23":{"start":{"line":82,"column":34},"end":{"line":82,"column":49}},"24":{"start":{"line":84,"column":4},"end":{"line":154,"column":6}},"25":{"start":{"line":98,"column":18},"end":{"line":100,"column":54}},"26":{"start":{"line":158,"column":17},"end":{"line":158,"column":74}}},"fnMap":{"0":{"name":"(anonymous_0)","decl":{"start":{"line":23,"column":10},"end":{"line":23,"column":11}},"loc":{"start":{"line":23,"column":16},"end":{"line":25,"column":3}},"line":23},"1":{"name":"(anonymous_1)","decl":{"start":{"line":27,"column":12},"end":{"line":27,"column":13}},"loc":{"start":{"line":27,"column":18},"end":{"line":29,"column":3}},"line":27},"2":{"name":"(anonymous_2)","decl":{"start":{"line":31,"column":13},"end":{"line":31,"column":14}},"loc":{"start":{"line":31,"column":22},"end":{"line":36,"column":3}},"line":31},"3":{"name":"(anonymous_3)","decl":{"start":{"line":38,"column":19},"end":{"line":38,"column":20}},"loc":{"start":{"line":38,"column":24},"end":{"line":42,"column":3}},"line":38},"4":{"name":"(anonymous_4)","decl":{"start":{"line":44,"column":19},"end":{"line":44,"column":20}},"loc":{"start":{"line":44,"column":24},"end":{"line":48,"column":3}},"line":44},"5":{"name":"(anonymous_5)","decl":{"start":{"line":50,"column":17},"end":{"line":50,"column":18}},"loc":{"start":{"line":50,"column":22},"end":{"line":79,"column":3}},"line":50},"6":{"name":"(anonymous_6)","decl":{"start":{"line":62,"column":12},"end":{"line":62,"column":13}},"loc":{"start":{"line":62,"column":19},"end":{"line":69,"column":7}},"line":62},"7":{"name":"(anonymous_7)","decl":{"start":{"line":70,"column":13},"end":{"line":70,"column":14}},"loc":{"start":{"line":70,"column":22},"end":{"line":73,"column":7}},"line":70},"8":{"name":"(anonymous_8)","decl":{"start":{"line":74,"column":35},"end":{"line":74,"column":36}},"loc":{"start":{"line":74,"column":52},"end":{"line":78,"column":5}},"line":74},"9":{"name":"(anonymous_9)","decl":{"start":{"line":81,"column":2},"end":{"line":81,"column":3}},"loc":{"start":{"line":81,"column":11},"end":{"line":155,"column":3}},"line":81},"10":{"name":"(anonymous_10)","decl":{"start":{"line":97,"column":30},"end":{"line":97,"column":31}},"loc":{"start":{"line":98,"column":18},"end":{"line":100,"column":54}},"line":98}},"branchMap":{"0":{"loc":{"start":{"line":63,"column":8},"end":{"line":65,"column":9}},"type":"if","locations":[{"start":{"line":63,"column":8},"end":{"line":65,"column":9}},{"start":{"line":63,"column":8},"end":{"line":65,"column":9}}],"line":63},"1":{"loc":{"start":{"line":75,"column":6},"end":{"line":77,"column":7}},"type":"if","locations":[{"start":{"line":75,"column":6},"end":{"line":77,"column":7}},{"start":{"line":75,"column":6},"end":{"line":77,"column":7}}],"line":75}},"s":{"0":1,"1":1,"2":1,"3":0,"4":0,"5":0,"6":0,"7":0,"8":0,"9":0,"10":0,"11":0,"12":0,"13":0,"14":0,"15":0,"16":0,"17":0,"18":0,"19":0,"20":0,"21":0,"22":0,"23":0,"24":0,"25":0,"26":1},"f":{"0":0,"1":0,"2":0,"3":0,"4":0,"5":0,"6":0,"7":0,"8":0,"9":0,"10":0},"b":{"0":[0,0],"1":[0,0]},"_coverageSchema":"332fd63041d2c1bcb487cc26dd0d5f7d97098a6c","hash":"16744c3fb4368a7b0f4c11a9392a422634be105a"}
,"/Users/berry/antd-demo/client/src/pages/adminpage/CreateMeter.js": {"path":"/Users/berry/antd-demo/client/src/pages/adminpage/CreateMeter.js","statementMap":{"0":{"start":{"line":5,"column":14},"end":{"line":5,"column":46}},"1":{"start":{"line":6,"column":16},"end":{"line":8,"column":1}},"2":{"start":{"line":15,"column":4},"end":{"line":15,"column":30}},"3":{"start":{"line":19,"column":4},"end":{"line":19,"column":37}},"4":{"start":{"line":23,"column":4},"end":{"line":23,"column":38}},"5":{"start":{"line":27,"column":4},"end":{"line":27,"column":39}},"6":{"start":{"line":31,"column":21},"end":{"line":31,"column":39}},"7":{"start":{"line":32,"column":23},"end":{"line":32,"column":44}},"8":{"start":{"line":33,"column":4},"end":{"line":33,"column":38}},"9":{"start":{"line":34,"column":4},"end":{"line":41,"column":7}},"10":{"start":{"line":35,"column":6},"end":{"line":37,"column":7}},"11":{"start":{"line":36,"column":8},"end":{"line":36,"column":15}},"12":{"start":{"line":38,"column":6},"end":{"line":38,"column":55}},"13":{"start":{"line":39,"column":6},"end":{"line":39,"column":25}},"14":{"start":{"line":40,"column":6},"end":{"line":40,"column":40}},"15":{"start":{"line":42,"column":19},"end":{"line":48,"column":5}},"16":{"start":{"line":49,"column":4},"end":{"line":60,"column":9}},"17":{"start":{"line":54,"column":8},"end":{"line":54,"column":36}},"18":{"start":{"line":55,"column":8},"end":{"line":55,"column":29}},"19":{"start":{"line":58,"column":8},"end":{"line":58,"column":27}},"20":{"start":{"line":59,"column":8},"end":{"line":59,"column":21}},"21":{"start":{"line":64,"column":4},"end":{"line":64,"column":27}},"22":{"start":{"line":68,"column":4},"end":{"line":80,"column":6}}},"fnMap":{"0":{"name":"(anonymous_0)","decl":{"start":{"line":14,"column":10},"end":{"line":14,"column":11}},"loc":{"start":{"line":14,"column":16},"end":{"line":16,"column":3}},"line":14},"1":{"name":"(anonymous_1)","decl":{"start":{"line":18,"column":14},"end":{"line":18,"column":15}},"loc":{"start":{"line":18,"column":20},"end":{"line":20,"column":3}},"line":18},"2":{"name":"(anonymous_2)","decl":{"start":{"line":22,"column":17},"end":{"line":22,"column":18}},"loc":{"start":{"line":22,"column":23},"end":{"line":24,"column":3}},"line":22},"3":{"name":"(anonymous_3)","decl":{"start":{"line":26,"column":18},"end":{"line":26,"column":19}},"loc":{"start":{"line":26,"column":24},"end":{"line":28,"column":3}},"line":26},"4":{"name":"(anonymous_4)","decl":{"start":{"line":30,"column":17},"end":{"line":30,"column":18}},"loc":{"start":{"line":30,"column":23},"end":{"line":61,"column":3}},"line":30},"5":{"name":"(anonymous_5)","decl":{"start":{"line":34,"column":24},"end":{"line":34,"column":25}},"loc":{"start":{"line":34,"column":41},"end":{"line":41,"column":5}},"line":34},"6":{"name":"(anonymous_6)","decl":{"start":{"line":53,"column":12},"end":{"line":53,"column":13}},"loc":{"start":{"line":53,"column":22},"end":{"line":56,"column":7}},"line":53},"7":{"name":"(anonymous_7)","decl":{"start":{"line":57,"column":13},"end":{"line":57,"column":14}},"loc":{"start":{"line":57,"column":22},"end":{"line":60,"column":7}},"line":57},"8":{"name":"(anonymous_8)","decl":{"start":{"line":63,"column":16},"end":{"line":63,"column":17}},"loc":{"start":{"line":63,"column":27},"end":{"line":65,"column":3}},"line":63},"9":{"name":"(anonymous_9)","decl":{"start":{"line":67,"column":2},"end":{"line":67,"column":3}},"loc":{"start":{"line":67,"column":11},"end":{"line":81,"column":3}},"line":67}},"branchMap":{"0":{"loc":{"start":{"line":35,"column":6},"end":{"line":37,"column":7}},"type":"if","locations":[{"start":{"line":35,"column":6},"end":{"line":37,"column":7}},{"start":{"line":35,"column":6},"end":{"line":37,"column":7}}],"line":35}},"s":{"0":2,"1":2,"2":0,"3":0,"4":0,"5":0,"6":0,"7":0,"8":0,"9":0,"10":0,"11":0,"12":0,"13":0,"14":0,"15":0,"16":0,"17":0,"18":0,"19":0,"20":0,"21":0,"22":1},"f":{"0":0,"1":0,"2":0,"3":0,"4":0,"5":0,"6":0,"7":0,"8":0,"9":1},"b":{"0":[0,0]},"_coverageSchema":"332fd63041d2c1bcb487cc26dd0d5f7d97098a6c","hash":"8923ec4be88142ce2f484ffc3f0e377f3c38b321"}
,"/Users/berry/antd-demo/client/src/pages/adminpage/CreateMeterForm.js": {"path":"/Users/berry/antd-demo/client/src/pages/adminpage/CreateMeterForm.js","statementMap":{"0":{"start":{"line":4,"column":29},"end":{"line":64,"column":1}},"1":{"start":{"line":7,"column":56},"end":{"line":7,"column":66}},"2":{"start":{"line":8,"column":36},"end":{"line":8,"column":40}},"3":{"start":{"line":10,"column":6},"end":{"line":61,"column":8}}},"fnMap":{"0":{"name":"(anonymous_0)","decl":{"start":{"line":6,"column":4},"end":{"line":6,"column":5}},"loc":{"start":{"line":6,"column":13},"end":{"line":62,"column":5}},"line":6}},"branchMap":{},"s":{"0":3,"1":0,"2":0,"3":0},"f":{"0":0},"b":{},"_coverageSchema":"332fd63041d2c1bcb487cc26dd0d5f7d97098a6c","hash":"101d0dda676bf8512f6e4ebc275a6fdebc408d97"}
,"/Users/berry/antd-demo/client/src/pages/adminpage/Meter.js": {"path":"/Users/berry/antd-demo/client/src/pages/adminpage/Meter.js","statementMap":{"0":{"start":{"line":9,"column":16},"end":{"line":9,"column":29}},"1":{"start":{"line":10,"column":14},"end":{"line":10,"column":46}},"2":{"start":{"line":11,"column":16},"end":{"line":13,"column":1}},"3":{"start":{"line":21,"column":4},"end":{"line":21,"column":36}},"4":{"start":{"line":25,"column":4},"end":{"line":25,"column":42}},"5":{"start":{"line":29,"column":4},"end":{"line":29,"column":41}},"6":{"start":{"line":33,"column":21},"end":{"line":33,"column":39}},"7":{"start":{"line":34,"column":4},"end":{"line":34,"column":29}},"8":{"start":{"line":35,"column":4},"end":{"line":35,"column":28}},"9":{"start":{"line":36,"column":23},"end":{"line":36,"column":38}},"10":{"start":{"line":37,"column":4},"end":{"line":37,"column":28}},"11":{"start":{"line":38,"column":21},"end":{"line":45,"column":5}},"12":{"start":{"line":46,"column":4},"end":{"line":46,"column":34}},"13":{"start":{"line":47,"column":4},"end":{"line":49,"column":7}},"14":{"start":{"line":53,"column":4},"end":{"line":53,"column":38}},"15":{"start":{"line":57,"column":4},"end":{"line":57,"column":38}},"16":{"start":{"line":61,"column":4},"end":{"line":61,"column":39}},"17":{"start":{"line":65,"column":21},"end":{"line":65,"column":39}},"18":{"start":{"line":66,"column":23},"end":{"line":66,"column":44}},"19":{"start":{"line":67,"column":4},"end":{"line":67,"column":32}},"20":{"start":{"line":68,"column":21},"end":{"line":75,"column":5}},"21":{"start":{"line":76,"column":4},"end":{"line":76,"column":26}},"22":{"start":{"line":77,"column":4},"end":{"line":84,"column":7}},"23":{"start":{"line":78,"column":6},"end":{"line":80,"column":7}},"24":{"start":{"line":79,"column":8},"end":{"line":79,"column":15}},"25":{"start":{"line":81,"column":6},"end":{"line":81,"column":55}},"26":{"start":{"line":82,"column":6},"end":{"line":82,"column":25}},"27":{"start":{"line":83,"column":6},"end":{"line":83,"column":40}},"28":{"start":{"line":85,"column":4},"end":{"line":95,"column":9}},"29":{"start":{"line":88,"column":8},"end":{"line":88,"column":31}},"30":{"start":{"line":89,"column":8},"end":{"line":89,"column":29}},"31":{"start":{"line":90,"column":8},"end":{"line":90,"column":26}},"32":{"start":{"line":93,"column":8},"end":{"line":93,"column":27}},"33":{"start":{"line":94,"column":8},"end":{"line":94,"column":21}},"34":{"start":{"line":99,"column":4},"end":{"line":99,"column":27}},"35":{"start":{"line":103,"column":19},"end":{"line":103,"column":31}},"36":{"start":{"line":104,"column":4},"end":{"line":104,"column":24}},"37":{"start":{"line":105,"column":4},"end":{"line":123,"column":9}},"38":{"start":{"line":114,"column":8},"end":{"line":116,"column":11}},"39":{"start":{"line":115,"column":59},"end":{"line":115,"column":75}},"40":{"start":{"line":117,"column":8},"end":{"line":117,"column":29}},"41":{"start":{"line":118,"column":8},"end":{"line":118,"column":26}},"42":{"start":{"line":121,"column":8},"end":{"line":121,"column":27}},"43":{"start":{"line":122,"column":8},"end":{"line":122,"column":21}},"44":{"start":{"line":127,"column":4},"end":{"line":127,"column":21}},"45":{"start":{"line":128,"column":4},"end":{"line":140,"column":7}},"46":{"start":{"line":134,"column":8},"end":{"line":134,"column":31}},"47":{"start":{"line":135,"column":8},"end":{"line":135,"column":26}},"48":{"start":{"line":138,"column":8},"end":{"line":138,"column":30}},"49":{"start":{"line":144,"column":4},"end":{"line":153,"column":9}},"50":{"start":{"line":147,"column":8},"end":{"line":149,"column":11}},"51":{"start":{"line":152,"column":8},"end":{"line":152,"column":27}},"52":{"start":{"line":157,"column":4},"end":{"line":157,"column":27}},"53":{"start":{"line":161,"column":20},"end":{"line":213,"column":5}},"54":{"start":{"line":186,"column":10},"end":{"line":210,"column":17}},"55":{"start":{"line":187,"column":50},"end":{"line":187,"column":75}},"56":{"start":{"line":194,"column":16},"end":{"line":194,"column":68}},"57":{"start":{"line":215,"column":27},"end":{"line":215,"column":37}},"58":{"start":{"line":216,"column":4},"end":{"line":231,"column":6}},"59":{"start":{"line":220,"column":28},"end":{"line":220,"column":38}}},"fnMap":{"0":{"name":"(anonymous_0)","decl":{"start":{"line":20,"column":10},"end":{"line":20,"column":11}},"loc":{"start":{"line":20,"column":16},"end":{"line":22,"column":3}},"line":20},"1":{"name":"(anonymous_1)","decl":{"start":{"line":24,"column":13},"end":{"line":24,"column":14}},"loc":{"start":{"line":24,"column":19},"end":{"line":26,"column":3}},"line":24},"2":{"name":"(anonymous_2)","decl":{"start":{"line":28,"column":17},"end":{"line":28,"column":18}},"loc":{"start":{"line":28,"column":23},"end":{"line":30,"column":3}},"line":28},"3":{"name":"(anonymous_3)","decl":{"start":{"line":32,"column":17},"end":{"line":32,"column":18}},"loc":{"start":{"line":32,"column":27},"end":{"line":50,"column":3}},"line":32},"4":{"name":"(anonymous_4)","decl":{"start":{"line":52,"column":17},"end":{"line":52,"column":18}},"loc":{"start":{"line":52,"column":23},"end":{"line":54,"column":3}},"line":52},"5":{"name":"(anonymous_5)","decl":{"start":{"line":56,"column":18},"end":{"line":56,"column":19}},"loc":{"start":{"line":56,"column":24},"end":{"line":58,"column":3}},"line":56},"6":{"name":"(anonymous_6)","decl":{"start":{"line":60,"column":18},"end":{"line":60,"column":19}},"loc":{"start":{"line":60,"column":24},"end":{"line":62,"column":3}},"line":60},"7":{"name":"(anonymous_7)","decl":{"start":{"line":64,"column":17},"end":{"line":64,"column":18}},"loc":{"start":{"line":64,"column":23},"end":{"line":96,"column":3}},"line":64},"8":{"name":"(anonymous_8)","decl":{"start":{"line":77,"column":24},"end":{"line":77,"column":25}},"loc":{"start":{"line":77,"column":41},"end":{"line":84,"column":5}},"line":77},"9":{"name":"(anonymous_9)","decl":{"start":{"line":87,"column":12},"end":{"line":87,"column":13}},"loc":{"start":{"line":87,"column":20},"end":{"line":91,"column":7}},"line":87},"10":{"name":"(anonymous_10)","decl":{"start":{"line":92,"column":13},"end":{"line":92,"column":14}},"loc":{"start":{"line":92,"column":22},"end":{"line":95,"column":7}},"line":92},"11":{"name":"(anonymous_11)","decl":{"start":{"line":98,"column":16},"end":{"line":98,"column":17}},"loc":{"start":{"line":98,"column":27},"end":{"line":100,"column":3}},"line":98},"12":{"name":"(anonymous_12)","decl":{"start":{"line":102,"column":17},"end":{"line":102,"column":18}},"loc":{"start":{"line":102,"column":24},"end":{"line":124,"column":3}},"line":102},"13":{"name":"(anonymous_13)","decl":{"start":{"line":113,"column":12},"end":{"line":113,"column":13}},"loc":{"start":{"line":113,"column":20},"end":{"line":119,"column":7}},"line":113},"14":{"name":"(anonymous_14)","decl":{"start":{"line":115,"column":51},"end":{"line":115,"column":52}},"loc":{"start":{"line":115,"column":59},"end":{"line":115,"column":75}},"line":115},"15":{"name":"(anonymous_15)","decl":{"start":{"line":120,"column":13},"end":{"line":120,"column":14}},"loc":{"start":{"line":120,"column":22},"end":{"line":123,"column":7}},"line":120},"16":{"name":"(anonymous_16)","decl":{"start":{"line":126,"column":2},"end":{"line":126,"column":3}},"loc":{"start":{"line":126,"column":36},"end":{"line":141,"column":3}},"line":126},"17":{"name":"(anonymous_17)","decl":{"start":{"line":133,"column":12},"end":{"line":133,"column":13}},"loc":{"start":{"line":133,"column":18},"end":{"line":136,"column":7}},"line":133},"18":{"name":"(anonymous_18)","decl":{"start":{"line":143,"column":20},"end":{"line":143,"column":21}},"loc":{"start":{"line":143,"column":26},"end":{"line":154,"column":3}},"line":143},"19":{"name":"(anonymous_19)","decl":{"start":{"line":146,"column":12},"end":{"line":146,"column":13}},"loc":{"start":{"line":146,"column":19},"end":{"line":150,"column":7}},"line":146},"20":{"name":"(anonymous_20)","decl":{"start":{"line":151,"column":13},"end":{"line":151,"column":14}},"loc":{"start":{"line":151,"column":22},"end":{"line":153,"column":7}},"line":151},"21":{"name":"(anonymous_21)","decl":{"start":{"line":156,"column":2},"end":{"line":156,"column":3}},"loc":{"start":{"line":156,"column":22},"end":{"line":158,"column":3}},"line":156},"22":{"name":"(anonymous_22)","decl":{"start":{"line":160,"column":2},"end":{"line":160,"column":3}},"loc":{"start":{"line":160,"column":11},"end":{"line":232,"column":3}},"line":160},"23":{"name":"(anonymous_23)","decl":{"start":{"line":185,"column":16},"end":{"line":185,"column":17}},"loc":{"start":{"line":186,"column":10},"end":{"line":210,"column":17}},"line":186},"24":{"name":"(anonymous_24)","decl":{"start":{"line":187,"column":44},"end":{"line":187,"column":45}},"loc":{"start":{"line":187,"column":50},"end":{"line":187,"column":75}},"line":187},"25":{"name":"(anonymous_25)","decl":{"start":{"line":193,"column":23},"end":{"line":193,"column":24}},"loc":{"start":{"line":194,"column":16},"end":{"line":194,"column":68}},"line":194},"26":{"name":"(anonymous_26)","decl":{"start":{"line":220,"column":18},"end":{"line":220,"column":19}},"loc":{"start":{"line":220,"column":28},"end":{"line":220,"column":38}},"line":220}},"branchMap":{"0":{"loc":{"start":{"line":78,"column":6},"end":{"line":80,"column":7}},"type":"if","locations":[{"start":{"line":78,"column":6},"end":{"line":80,"column":7}},{"start":{"line":78,"column":6},"end":{"line":80,"column":7}}],"line":78}},"s":{"0":1,"1":1,"2":1,"3":0,"4":0,"5":0,"6":0,"7":0,"8":0,"9":0,"10":0,"11":0,"12":0,"13":0,"14":0,"15":0,"16":0,"17":0,"18":0,"19":0,"20":0,"21":0,"22":0,"23":0,"24":0,"25":0,"26":0,"27":0,"28":0,"29":0,"30":0,"31":0,"32":0,"33":0,"34":0,"35":0,"36":0,"37":0,"38":0,"39":0,"40":0,"41":0,"42":0,"43":0,"44":0,"45":0,"46":0,"47":0,"48":0,"49":2,"50":0,"51":0,"52":2,"53":2,"54":0,"55":0,"56":0,"57":2,"58":2,"59":0},"f":{"0":0,"1":0,"2":0,"3":0,"4":0,"5":0,"6":0,"7":0,"8":0,"9":0,"10":0,"11":0,"12":0,"13":0,"14":0,"15":0,"16":0,"17":0,"18":2,"19":0,"20":0,"21":2,"22":2,"23":0,"24":0,"25":0,"26":0},"b":{"0":[0,0]},"_coverageSchema":"332fd63041d2c1bcb487cc26dd0d5f7d97098a6c","hash":"cdf1e307f7cb06536a623d59647cc4135d0a480f"}
,"/Users/berry/antd-demo/client/src/pages/adminpage/Report.js": {"path":"/Users/berry/antd-demo/client/src/pages/adminpage/Report.js","statementMap":{"0":{"start":{"line":1,"column":0},"end":{"line":null,"column":-1}},"1":{"start":{"line":2,"column":0},"end":{"line":null,"column":-1}},"2":{"start":{"line":9,"column":2},"end":{"line":null,"column":-1}},"3":{"start":{"line":10,"column":2},"end":{"line":null,"column":-1}},"4":{"start":{"line":14,"column":21},"end":{"line":14,"column":8}},"5":{"start":{"line":64,"column":21},"end":{"line":64,"column":10}},"6":{"start":{"line":65,"column":21},"end":{"line":65,"column":10}},"7":{"start":{"line":66,"column":10},"end":{"line":null,"column":-1}},"8":{"start":{"line":74,"column":10},"end":{"line":null,"column":-1}},"9":{"start":{"line":75,"column":23},"end":{"line":75,"column":10}},"10":{"start":{"line":82,"column":27},"end":{"line":82,"column":10}},"11":{"start":{"line":110,"column":22},"end":{"line":110,"column":10}},"12":{"start":{"line":111,"column":22},"end":{"line":111,"column":10}},"13":{"start":{"line":112,"column":10},"end":{"line":null,"column":-1}},"14":{"start":{"line":118,"column":10},"end":{"line":null,"column":-1}},"15":{"start":{"line":119,"column":24},"end":{"line":119,"column":10}},"16":{"start":{"line":125,"column":26},"end":{"line":125,"column":10}},"17":{"start":{"line":224,"column":22},"end":{"line":224,"column":10}},"18":{"start":{"line":225,"column":22},"end":{"line":225,"column":10}},"19":{"start":{"line":226,"column":10},"end":{"line":null,"column":-1}},"20":{"start":{"line":234,"column":10},"end":{"line":null,"column":-1}},"21":{"start":{"line":235,"column":24},"end":{"line":235,"column":10}},"22":{"start":{"line":241,"column":6},"end":{"line":null,"column":-1}},"23":{"start":{"line":265,"column":33},"end":{"line":265,"column":39}},"24":{"start":{"line":305,"column":30},"end":{"line":305,"column":36}},"25":{"start":{"line":346,"column":30},"end":{"line":346,"column":36}}},"fnMap":{"0":{"name":"(anonymous_0)","decl":{"start":{"line":13,"column":4},"end":{"line":13,"column":9}},"loc":{"start":{"line":13,"column":13},"end":{"line":380,"column":7}}},"1":{"name":"(anonymous_1)","decl":{"start":{"line":265,"column":25},"end":{"line":265,"column":27}},"loc":{"start":{"line":265,"column":33},"end":{"line":265,"column":39}}},"2":{"name":"(anonymous_2)","decl":{"start":{"line":305,"column":22},"end":{"line":305,"column":24}},"loc":{"start":{"line":305,"column":30},"end":{"line":305,"column":36}}},"3":{"name":"(anonymous_3)","decl":{"start":{"line":346,"column":22},"end":{"line":346,"column":24}},"loc":{"start":{"line":346,"column":30},"end":{"line":346,"column":36}}}},"branchMap":{},"s":{"0":0,"1":0,"2":0,"3":0,"4":0,"5":0,"6":0,"7":0,"8":0,"9":0,"10":0,"11":0,"12":0,"13":0,"14":0,"15":0,"16":0,"17":0,"18":0,"19":0,"20":0,"21":0,"22":0,"23":0,"24":0,"25":0},"f":{"0":0,"1":0,"2":0,"3":0},"b":{}}
,"/Users/berry/antd-demo/client/src/pages/adminpage/UpdateMemberForm.js": {"path":"/Users/berry/antd-demo/client/src/pages/adminpage/UpdateMemberForm.js","statementMap":{"0":{"start":{"line":4,"column":29},"end":{"line":74,"column":1}},"1":{"start":{"line":12,"column":56},"end":{"line":12,"column":66}},"2":{"start":{"line":13,"column":36},"end":{"line":13,"column":40}},"3":{"start":{"line":15,"column":6},"end":{"line":71,"column":8}}},"fnMap":{"0":{"name":"(anonymous_0)","decl":{"start":{"line":11,"column":4},"end":{"line":11,"column":5}},"loc":{"start":{"line":11,"column":13},"end":{"line":72,"column":5}},"line":11}},"branchMap":{},"s":{"0":3,"1":2,"2":2,"3":2},"f":{"0":2},"b":{},"_coverageSchema":"332fd63041d2c1bcb487cc26dd0d5f7d97098a6c","hash":"8b2faef16fcadcf232092b21d9a0db269dac95ec"}
,"/Users/berry/antd-demo/client/src/pages/auth/AuthService.js": {"path":"/Users/berry/antd-demo/client/src/pages/auth/AuthService.js","statementMap":{"0":{"start":{"line":4,"column":4},"end":{"line":4,"column":56}},"1":{"start":{"line":7,"column":4},"end":{"line":19,"column":7}},"2":{"start":{"line":14,"column":6},"end":{"line":14,"column":29}},"3":{"start":{"line":15,"column":6},"end":{"line":15,"column":42}},"4":{"start":{"line":16,"column":6},"end":{"line":16,"column":35}},"5":{"start":{"line":17,"column":6},"end":{"line":17,"column":38}},"6":{"start":{"line":18,"column":6},"end":{"line":18,"column":34}},"7":{"start":{"line":24,"column":18},"end":{"line":24,"column":33}},"8":{"start":{"line":25,"column":4},"end":{"line":25,"column":19}},"9":{"start":{"line":29,"column":4},"end":{"line":29,"column":50}},"10":{"start":{"line":33,"column":4},"end":{"line":33,"column":47}},"11":{"start":{"line":38,"column":4},"end":{"line":38,"column":46}},"12":{"start":{"line":43,"column":4},"end":{"line":43,"column":44}},"13":{"start":{"line":48,"column":4},"end":{"line":48,"column":40}},"14":{"start":{"line":53,"column":17},"end":{"line":53,"column":32}},"15":{"start":{"line":54,"column":4},"end":{"line":54,"column":36}},"16":{"start":{"line":55,"column":4},"end":{"line":55,"column":18}},"17":{"start":{"line":60,"column":20},"end":{"line":63,"column":5}},"18":{"start":{"line":66,"column":4},"end":{"line":68,"column":5}},"19":{"start":{"line":67,"column":6},"end":{"line":67,"column":60}},"20":{"start":{"line":70,"column":4},"end":{"line":75,"column":41}},"21":{"start":{"line":75,"column":24},"end":{"line":75,"column":39}},"22":{"start":{"line":80,"column":4},"end":{"line":87,"column":5}},"23":{"start":{"line":82,"column":6},"end":{"line":82,"column":22}},"24":{"start":{"line":84,"column":18},"end":{"line":84,"column":48}},"25":{"start":{"line":85,"column":6},"end":{"line":85,"column":32}},"26":{"start":{"line":86,"column":6},"end":{"line":86,"column":18}}},"fnMap":{"0":{"name":"(anonymous_0)","decl":{"start":{"line":3,"column":2},"end":{"line":3,"column":3}},"loc":{"start":{"line":3,"column":22},"end":{"line":5,"column":3}},"line":3},"1":{"name":"(anonymous_1)","decl":{"start":{"line":6,"column":10},"end":{"line":6,"column":11}},"loc":{"start":{"line":6,"column":34},"end":{"line":20,"column":3}},"line":6},"2":{"name":"(anonymous_2)","decl":{"start":{"line":13,"column":12},"end":{"line":13,"column":13}},"loc":{"start":{"line":13,"column":19},"end":{"line":19,"column":5}},"line":13},"3":{"name":"(anonymous_3)","decl":{"start":{"line":22,"column":13},"end":{"line":22,"column":14}},"loc":{"start":{"line":22,"column":19},"end":{"line":26,"column":3}},"line":22},"4":{"name":"(anonymous_4)","decl":{"start":{"line":28,"column":16},"end":{"line":28,"column":17}},"loc":{"start":{"line":28,"column":28},"end":{"line":30,"column":3}},"line":28},"5":{"name":"(anonymous_5)","decl":{"start":{"line":32,"column":16},"end":{"line":32,"column":17}},"loc":{"start":{"line":32,"column":22},"end":{"line":34,"column":3}},"line":32},"6":{"name":"(anonymous_6)","decl":{"start":{"line":36,"column":13},"end":{"line":36,"column":14}},"loc":{"start":{"line":36,"column":24},"end":{"line":39,"column":3}},"line":36},"7":{"name":"(anonymous_7)","decl":{"start":{"line":41,"column":13},"end":{"line":41,"column":14}},"loc":{"start":{"line":41,"column":19},"end":{"line":44,"column":3}},"line":41},"8":{"name":"(anonymous_8)","decl":{"start":{"line":46,"column":11},"end":{"line":46,"column":12}},"loc":{"start":{"line":46,"column":17},"end":{"line":49,"column":3}},"line":46},"9":{"name":"(anonymous_9)","decl":{"start":{"line":51,"column":15},"end":{"line":51,"column":16}},"loc":{"start":{"line":51,"column":21},"end":{"line":56,"column":3}},"line":51},"10":{"name":"(anonymous_10)","decl":{"start":{"line":58,"column":10},"end":{"line":58,"column":11}},"loc":{"start":{"line":58,"column":28},"end":{"line":76,"column":3}},"line":58},"11":{"name":"(anonymous_11)","decl":{"start":{"line":75,"column":12},"end":{"line":75,"column":13}},"loc":{"start":{"line":75,"column":24},"end":{"line":75,"column":39}},"line":75},"12":{"name":"(anonymous_12)","decl":{"start":{"line":78,"column":17},"end":{"line":78,"column":18}},"loc":{"start":{"line":78,"column":29},"end":{"line":88,"column":3}},"line":78}},"branchMap":{"0":{"loc":{"start":{"line":4,"column":18},"end":{"line":4,"column":55}},"type":"binary-expr","locations":[{"start":{"line":4,"column":18},"end":{"line":4,"column":24}},{"start":{"line":4,"column":28},"end":{"line":4,"column":55}}],"line":4},"1":{"loc":{"start":{"line":66,"column":4},"end":{"line":68,"column":5}},"type":"if","locations":[{"start":{"line":66,"column":4},"end":{"line":68,"column":5}},{"start":{"line":66,"column":4},"end":{"line":68,"column":5}}],"line":66},"2":{"loc":{"start":{"line":80,"column":4},"end":{"line":87,"column":5}},"type":"if","locations":[{"start":{"line":80,"column":4},"end":{"line":87,"column":5}},{"start":{"line":80,"column":4},"end":{"line":87,"column":5}}],"line":80},"3":{"loc":{"start":{"line":80,"column":8},"end":{"line":80,"column":55}},"type":"binary-expr","locations":[{"start":{"line":80,"column":8},"end":{"line":80,"column":30}},{"start":{"line":80,"column":34},"end":{"line":80,"column":55}}],"line":80}},"s":{"0":0,"1":0,"2":0,"3":0,"4":0,"5":0,"6":0,"7":0,"8":0,"9":0,"10":0,"11":0,"12":0,"13":0,"14":0,"15":0,"16":0,"17":0,"18":0,"19":0,"20":0,"21":0,"22":0,"23":0,"24":0,"25":0,"26":0},"f":{"0":0,"1":0,"2":0,"3":0,"4":0,"5":0,"6":0,"7":0,"8":0,"9":0,"10":0,"11":0,"12":0},"b":{"0":[0,0],"1":[0,0],"2":[0,0],"3":[0,0]},"_coverageSchema":"332fd63041d2c1bcb487cc26dd0d5f7d97098a6c","hash":"857122cab90f9027582b5e98ebf09f71b4a11fa4"}
,"/Users/berry/antd-demo/client/src/pages/auth/Login.js": {"path":"/Users/berry/antd-demo/client/src/pages/auth/Login.js","statementMap":{"0":{"start":{"line":5,"column":19},"end":{"line":5,"column":30}},"1":{"start":{"line":16,"column":4},"end":{"line":16,"column":37}},"2":{"start":{"line":20,"column":4},"end":{"line":20,"column":38}},"3":{"start":{"line":24,"column":4},"end":{"line":24,"column":49}},"4":{"start":{"line":25,"column":4},"end":{"line":27,"column":7}},"5":{"start":{"line":31,"column":4},"end":{"line":33,"column":7}},"6":{"start":{"line":37,"column":4},"end":{"line":37,"column":23}},"7":{"start":{"line":38,"column":4},"end":{"line":50,"column":9}},"8":{"start":{"line":40,"column":8},"end":{"line":42,"column":9}},"9":{"start":{"line":41,"column":10},"end":{"line":41,"column":42}},"10":{"start":{"line":43,"column":8},"end":{"line":43,"column":25}},"11":{"start":{"line":44,"column":8},"end":{"line":44,"column":59}},"12":{"start":{"line":45,"column":8},"end":{"line":45,"column":23}},"13":{"start":{"line":48,"column":8},"end":{"line":48,"column":27}},"14":{"start":{"line":49,"column":8},"end":{"line":49,"column":21}},"15":{"start":{"line":51,"column":4},"end":{"line":55,"column":7}},"16":{"start":{"line":52,"column":6},"end":{"line":54,"column":7}},"17":{"start":{"line":53,"column":8},"end":{"line":53,"column":57}},"18":{"start":{"line":59,"column":4},"end":{"line":59,"column":62}},"19":{"start":{"line":59,"column":30},"end":{"line":59,"column":62}},"20":{"start":{"line":63,"column":34},"end":{"line":63,"column":49}},"21":{"start":{"line":64,"column":4},"end":{"line":105,"column":6}},"22":{"start":{"line":109,"column":31},"end":{"line":111,"column":1}}},"fnMap":{"0":{"name":"(anonymous_0)","decl":{"start":{"line":15,"column":10},"end":{"line":15,"column":11}},"loc":{"start":{"line":15,"column":16},"end":{"line":17,"column":3}},"line":15},"1":{"name":"(anonymous_1)","decl":{"start":{"line":19,"column":12},"end":{"line":19,"column":13}},"loc":{"start":{"line":19,"column":18},"end":{"line":21,"column":3}},"line":19},"2":{"name":"(anonymous_2)","decl":{"start":{"line":23,"column":18},"end":{"line":23,"column":19}},"loc":{"start":{"line":23,"column":23},"end":{"line":28,"column":3}},"line":23},"3":{"name":"(anonymous_3)","decl":{"start":{"line":30,"column":21},"end":{"line":30,"column":22}},"loc":{"start":{"line":30,"column":26},"end":{"line":34,"column":3}},"line":30},"4":{"name":"(anonymous_4)","decl":{"start":{"line":36,"column":17},"end":{"line":36,"column":18}},"loc":{"start":{"line":36,"column":22},"end":{"line":56,"column":3}},"line":36},"5":{"name":"(anonymous_5)","decl":{"start":{"line":39,"column":12},"end":{"line":39,"column":13}},"loc":{"start":{"line":39,"column":19},"end":{"line":46,"column":7}},"line":39},"6":{"name":"(anonymous_6)","decl":{"start":{"line":47,"column":13},"end":{"line":47,"column":14}},"loc":{"start":{"line":47,"column":22},"end":{"line":50,"column":7}},"line":47},"7":{"name":"(anonymous_7)","decl":{"start":{"line":51,"column":35},"end":{"line":51,"column":36}},"loc":{"start":{"line":51,"column":52},"end":{"line":55,"column":5}},"line":51},"8":{"name":"(anonymous_8)","decl":{"start":{"line":57,"column":2},"end":{"line":57,"column":3}},"loc":{"start":{"line":57,"column":23},"end":{"line":60,"column":3}},"line":57},"9":{"name":"(anonymous_9)","decl":{"start":{"line":62,"column":2},"end":{"line":62,"column":3}},"loc":{"start":{"line":62,"column":11},"end":{"line":106,"column":3}},"line":62}},"branchMap":{"0":{"loc":{"start":{"line":40,"column":8},"end":{"line":42,"column":9}},"type":"if","locations":[{"start":{"line":40,"column":8},"end":{"line":42,"column":9}},{"start":{"line":40,"column":8},"end":{"line":42,"column":9}}],"line":40},"1":{"loc":{"start":{"line":52,"column":6},"end":{"line":54,"column":7}},"type":"if","locations":[{"start":{"line":52,"column":6},"end":{"line":54,"column":7}},{"start":{"line":52,"column":6},"end":{"line":54,"column":7}}],"line":52},"2":{"loc":{"start":{"line":59,"column":4},"end":{"line":59,"column":62}},"type":"if","locations":[{"start":{"line":59,"column":4},"end":{"line":59,"column":62}},{"start":{"line":59,"column":4},"end":{"line":59,"column":62}}],"line":59}},"s":{"0":1,"1":0,"2":0,"3":0,"4":0,"5":0,"6":0,"7":0,"8":0,"9":0,"10":0,"11":0,"12":0,"13":0,"14":0,"15":0,"16":0,"17":0,"18":0,"19":0,"20":0,"21":0,"22":1},"f":{"0":0,"1":0,"2":0,"3":0,"4":0,"5":0,"6":0,"7":0,"8":0,"9":0},"b":{"0":[0,0],"1":[0,0],"2":[0,0]},"_coverageSchema":"332fd63041d2c1bcb487cc26dd0d5f7d97098a6c","hash":"a21572288c4be18a63fd34315fb4fab56a47a732"}
,"/Users/berry/antd-demo/client/src/pages/common/RealTime.js": {"path":"/Users/berry/antd-demo/client/src/pages/common/RealTime.js","statementMap":{"0":{"start":{"line":1,"column":0},"end":{"line":null,"column":-1}},"1":{"start":{"line":2,"column":0},"end":{"line":null,"column":-1}},"2":{"start":{"line":3,"column":0},"end":{"line":null,"column":-1}},"3":{"start":{"line":4,"column":0},"end":{"line":null,"column":-1}},"4":{"start":{"line":5,"column":0},"end":{"line":null,"column":-1}},"5":{"start":{"line":7,"column":25},"end":{"line":7,"column":0}},"6":{"start":{"line":9,"column":15},"end":{"line":9,"column":0}},"7":{"start":{"line":10,"column":11},"end":{"line":10,"column":0}},"8":{"start":{"line":11,"column":19},"end":{"line":11,"column":0}},"9":{"start":{"line":12,"column":17},"end":{"line":12,"column":0}},"10":{"start":{"line":14,"column":10},"end":{"line":14,"column":2}},"11":{"start":{"line":15,"column":2},"end":{"line":27,"column":3}},"12":{"start":{"line":16,"column":12},"end":{"line":16,"column":4}},"13":{"start":{"line":18,"column":6},"end":{"line":17,"column":4}},"14":{"start":{"line":20,"column":4},"end":{"line":null,"column":-1}},"15":{"start":{"line":24,"column":4},"end":{"line":null,"column":-1}},"16":{"start":{"line":25,"column":4},"end":{"line":null,"column":-1}},"17":{"start":{"line":26,"column":4},"end":{"line":26,"column":5}},"18":{"start":{"line":30,"column":0},"end":{"line":null,"column":-1}},"19":{"start":{"line":36,"column":16},"end":{"line":36,"column":2}},"20":{"start":{"line":37,"column":2},"end":{"line":null,"column":-1}},"21":{"start":{"line":39,"column":2},"end":{"line":45,"column":3}},"22":{"start":{"line":43,"column":4},"end":{"line":null,"column":-1}},"23":{"start":{"line":44,"column":4},"end":{"line":null,"column":-1}},"24":{"start":{"line":47,"column":2},"end":{"line":null,"column":-1}},"25":{"start":{"line":55,"column":2},"end":{"line":null,"column":-1}},"26":{"start":{"line":60,"column":4},"end":{"line":null,"column":-1}},"27":{"start":{"line":61,"column":4},"end":{"line":null,"column":-1}},"28":{"start":{"line":113,"column":4},"end":{"line":null,"column":-1}},"29":{"start":{"line":116,"column":4},"end":{"line":null,"column":-1}},"30":{"start":{"line":117,"column":6},"end":{"line":null,"column":-1}},"31":{"start":{"line":122,"column":6},"end":{"line":null,"column":-1}},"32":{"start":{"line":130,"column":4},"end":{"line":null,"column":-1}}},"fnMap":{"0":{"name":"getDayWiseTimeSeries","decl":{"start":{"line":13,"column":9},"end":{"line":13,"column":0}},"loc":{"start":{"line":13,"column":54},"end":{"line":28,"column":1}}},"1":{"name":"getNewSeries","decl":{"start":{"line":35,"column":9},"end":{"line":35,"column":0}},"loc":{"start":{"line":35,"column":39},"end":{"line":51,"column":1}}},"2":{"name":"resetData","decl":{"start":{"line":53,"column":9},"end":{"line":53,"column":0}},"loc":{"start":{"line":53,"column":21},"end":{"line":56,"column":1}}},"3":{"name":"(anonymous_3)","decl":{"start":{"line":59,"column":2},"end":{"line":59,"column":12}},"loc":{"start":{"line":59,"column":21},"end":{"line":110,"column":3}}},"4":{"name":"(anonymous_4)","decl":{"start":{"line":112,"column":2},"end":{"line":112,"column":18}},"loc":{"start":{"line":112,"column":22},"end":{"line":114,"column":3}}},"5":{"name":"(anonymous_5)","decl":{"start":{"line":115,"column":2},"end":{"line":115,"column":10}},"loc":{"start":{"line":115,"column":14},"end":{"line":128,"column":3}}},"6":{"name":"(anonymous_6)","decl":{"start":{"line":116,"column":23},"end":{"line":116,"column":28}},"loc":{"start":{"line":116,"column":29},"end":{"line":116,"column":4}}},"7":{"name":"(anonymous_7)","decl":{"start":{"line":129,"column":2},"end":{"line":129,"column":7}},"loc":{"start":{"line":129,"column":11},"end":{"line":146,"column":3}}}},"branchMap":{},"s":{"0":0,"1":0,"2":0,"3":0,"4":0,"5":0,"6":0,"7":0,"8":0,"9":0,"10":0,"11":0,"12":0,"13":0,"14":0,"15":0,"16":0,"17":0,"18":0,"19":0,"20":0,"21":0,"22":0,"23":0,"24":0,"25":0,"26":0,"27":0,"28":0,"29":0,"30":0,"31":0,"32":0},"f":{"0":0,"1":0,"2":0,"3":0,"4":0,"5":0,"6":0,"7":0},"b":{}}
,"/Users/berry/antd-demo/client/src/pages/common/WaterBill.js": {"path":"/Users/berry/antd-demo/client/src/pages/common/WaterBill.js","statementMap":{"0":{"start":{"line":1,"column":0},"end":{"line":null,"column":-1}},"1":{"start":{"line":2,"column":0},"end":{"line":null,"column":-1}},"2":{"start":{"line":4,"column":25},"end":{"line":4,"column":0}},"3":{"start":{"line":8,"column":4},"end":{"line":null,"column":-1}}},"fnMap":{"0":{"name":"(anonymous_0)","decl":{"start":{"line":7,"column":2},"end":{"line":7,"column":7}},"loc":{"start":{"line":7,"column":11},"end":{"line":23,"column":3}}}},"branchMap":{},"s":{"0":0,"1":0,"2":0,"3":0},"f":{"0":0},"b":{}}
,"/Users/berry/antd-demo/client/src/pages/memberpage/Member.js": {"path":"/Users/berry/antd-demo/client/src/pages/memberpage/Member.js","statementMap":{"0":{"start":{"line":12,"column":4},"end":{"line":12,"column":42}},"1":{"start":{"line":16,"column":4},"end":{"line":16,"column":41}},"2":{"start":{"line":20,"column":4},"end":{"line":29,"column":9}},"3":{"start":{"line":23,"column":8},"end":{"line":25,"column":11}},"4":{"start":{"line":28,"column":8},"end":{"line":28,"column":27}},"5":{"start":{"line":33,"column":4},"end":{"line":33,"column":27}},"6":{"start":{"line":36,"column":20},"end":{"line":68,"column":5}},"7":{"start":{"line":57,"column":10},"end":{"line":65,"column":17}},"8":{"start":{"line":70,"column":27},"end":{"line":70,"column":37}},"9":{"start":{"line":71,"column":4},"end":{"line":80,"column":6}},"10":{"start":{"line":75,"column":28},"end":{"line":75,"column":38}}},"fnMap":{"0":{"name":"(anonymous_0)","decl":{"start":{"line":11,"column":13},"end":{"line":11,"column":14}},"loc":{"start":{"line":11,"column":19},"end":{"line":13,"column":3}},"line":11},"1":{"name":"(anonymous_1)","decl":{"start":{"line":15,"column":17},"end":{"line":15,"column":18}},"loc":{"start":{"line":15,"column":23},"end":{"line":17,"column":3}},"line":15},"2":{"name":"(anonymous_2)","decl":{"start":{"line":19,"column":20},"end":{"line":19,"column":21}},"loc":{"start":{"line":19,"column":26},"end":{"line":30,"column":3}},"line":19},"3":{"name":"(anonymous_3)","decl":{"start":{"line":22,"column":12},"end":{"line":22,"column":13}},"loc":{"start":{"line":22,"column":19},"end":{"line":26,"column":7}},"line":22},"4":{"name":"(anonymous_4)","decl":{"start":{"line":27,"column":13},"end":{"line":27,"column":14}},"loc":{"start":{"line":27,"column":22},"end":{"line":29,"column":7}},"line":27},"5":{"name":"(anonymous_5)","decl":{"start":{"line":32,"column":2},"end":{"line":32,"column":3}},"loc":{"start":{"line":32,"column":22},"end":{"line":34,"column":3}},"line":32},"6":{"name":"(anonymous_6)","decl":{"start":{"line":35,"column":2},"end":{"line":35,"column":3}},"loc":{"start":{"line":35,"column":11},"end":{"line":81,"column":3}},"line":35},"7":{"name":"(anonymous_7)","decl":{"start":{"line":56,"column":16},"end":{"line":56,"column":17}},"loc":{"start":{"line":57,"column":10},"end":{"line":65,"column":17}},"line":57},"8":{"name":"(anonymous_8)","decl":{"start":{"line":75,"column":18},"end":{"line":75,"column":19}},"loc":{"start":{"line":75,"column":28},"end":{"line":75,"column":38}},"line":75}},"branchMap":{},"s":{"0":0,"1":0,"2":1,"3":0,"4":0,"5":1,"6":1,"7":0,"8":1,"9":1,"10":0},"f":{"0":0,"1":0,"2":1,"3":0,"4":0,"5":1,"6":1,"7":0,"8":0},"b":{},"_coverageSchema":"332fd63041d2c1bcb487cc26dd0d5f7d97098a6c","hash":"7e091b6061ca662bcf7ea5217fb7d17afd65e77e"}
,"/Users/berry/antd-demo/client/src/pages/memberpage/SetupVolume.js": {"path":"/Users/berry/antd-demo/client/src/pages/memberpage/SetupVolume.js","statementMap":{"0":{"start":{"line":4,"column":25},"end":{"line":44,"column":1}},"1":{"start":{"line":7,"column":52},"end":{"line":7,"column":62}},"2":{"start":{"line":8,"column":36},"end":{"line":8,"column":40}},"3":{"start":{"line":9,"column":6},"end":{"line":41,"column":8}},"4":{"start":{"line":52,"column":4},"end":{"line":52,"column":37}},"5":{"start":{"line":56,"column":4},"end":{"line":56,"column":38}},"6":{"start":{"line":60,"column":17},"end":{"line":60,"column":40}},"7":{"start":{"line":61,"column":4},"end":{"line":69,"column":7}},"8":{"start":{"line":62,"column":6},"end":{"line":64,"column":7}},"9":{"start":{"line":63,"column":8},"end":{"line":63,"column":15}},"10":{"start":{"line":66,"column":6},"end":{"line":66,"column":55}},"11":{"start":{"line":67,"column":6},"end":{"line":67,"column":25}},"12":{"start":{"line":68,"column":6},"end":{"line":68,"column":40}},"13":{"start":{"line":73,"column":4},"end":{"line":73,"column":27}},"14":{"start":{"line":77,"column":4},"end":{"line":89,"column":6}}},"fnMap":{"0":{"name":"(anonymous_0)","decl":{"start":{"line":6,"column":4},"end":{"line":6,"column":5}},"loc":{"start":{"line":6,"column":13},"end":{"line":42,"column":5}},"line":6},"1":{"name":"(anonymous_1)","decl":{"start":{"line":51,"column":14},"end":{"line":51,"column":15}},"loc":{"start":{"line":51,"column":20},"end":{"line":53,"column":3}},"line":51},"2":{"name":"(anonymous_2)","decl":{"start":{"line":55,"column":17},"end":{"line":55,"column":18}},"loc":{"start":{"line":55,"column":23},"end":{"line":57,"column":3}},"line":55},"3":{"name":"(anonymous_3)","decl":{"start":{"line":59,"column":17},"end":{"line":59,"column":18}},"loc":{"start":{"line":59,"column":23},"end":{"line":70,"column":3}},"line":59},"4":{"name":"(anonymous_4)","decl":{"start":{"line":61,"column":24},"end":{"line":61,"column":25}},"loc":{"start":{"line":61,"column":41},"end":{"line":69,"column":5}},"line":61},"5":{"name":"(anonymous_5)","decl":{"start":{"line":72,"column":16},"end":{"line":72,"column":17}},"loc":{"start":{"line":72,"column":27},"end":{"line":74,"column":3}},"line":72},"6":{"name":"(anonymous_6)","decl":{"start":{"line":76,"column":2},"end":{"line":76,"column":3}},"loc":{"start":{"line":76,"column":11},"end":{"line":90,"column":3}},"line":76}},"branchMap":{"0":{"loc":{"start":{"line":62,"column":6},"end":{"line":64,"column":7}},"type":"if","locations":[{"start":{"line":62,"column":6},"end":{"line":64,"column":7}},{"start":{"line":62,"column":6},"end":{"line":64,"column":7}}],"line":62}},"s":{"0":1,"1":0,"2":0,"3":0,"4":0,"5":0,"6":0,"7":0,"8":0,"9":0,"10":0,"11":0,"12":0,"13":0,"14":0},"f":{"0":0,"1":0,"2":0,"3":0,"4":0,"5":0,"6":0},"b":{"0":[0,0]},"_coverageSchema":"332fd63041d2c1bcb487cc26dd0d5f7d97098a6c","hash":"bee01b38c020f7d38e4cb0756fae18034ad38ab1"}
}
